0 silly input [ 'start' ]
1 silly flags { _: [ 'run' ],
1 silly flags   sort: true,
1 silly flags   stream: true,
1 silly flags   'only-updated': false,
1 silly flags   onlyUpdated: false,
1 silly flags   parallel: false,
1 silly flags   concurrency: 4,
1 silly flags   script: 'start',
1 silly flags   args: [] }
2 verbose rootPath /Volumes/g/repos/btcmarkets-ticker
3 info version 2.0.0-rc.5
4 silly existsSync /Volumes/g/repos/btcmarkets-ticker/VERSION
5 silly initialize attempt
6 silly initialize success
7 silly execute attempt
8 silly runScriptInPackageStreaming [ 'start', [], 'btcmarkets-ticker-api' ]
9 silly getExecOpts { cwd: '/Volumes/g/repos/btcmarkets-ticker/packages/api' }
10 silly runScriptInPackageStreaming [ 'start', [], 'btcmarkets-ticker' ]
11 silly getExecOpts { cwd: '/Volumes/g/repos/btcmarkets-ticker/packages/frontend' }
12 error execute Error: Command failed: npm run start
12 error execute /Volumes/g/repos/btcmarkets-ticker/packages/api/index.js:4
12 error execute module.exports = async (req, res) => {
12 error execute                        ^
12 error execute SyntaxError: Unexpected token (
12 error execute     at createScript (vm.js:56:10)
12 error execute     at Object.runInThisContext (vm.js:97:10)
12 error execute     at Module._compile (module.js:542:28)
12 error execute     at Object.Module._extensions..js (module.js:579:10)
12 error execute     at Module.load (module.js:487:32)
12 error execute     at tryModuleLoad (module.js:446:12)
12 error execute     at Function.Module._load (module.js:438:3)
12 error execute     at Module.runMain (module.js:604:10)
12 error execute     at run (bootstrap_node.js:390:7)
12 error execute     at startup (bootstrap_node.js:150:9)
12 error execute npm ERR! code ELIFECYCLE
12 error execute npm ERR! errno 1
12 error execute npm ERR! btcmarkets-ticker-api@0.0.0 start: `node index.js`
12 error execute npm ERR! Exit status 1
12 error execute npm ERR!
12 error execute npm ERR! Failed at the btcmarkets-ticker-api@0.0.0 start script.
12 error execute npm ERR! This is probably not a problem with npm. There is likely additional logging output above.
12 error execute
12 error execute npm ERR! A complete log of this run can be found in:
12 error execute npm ERR!     /Users/steven/.npm/_logs/2017-06-03T14_16_05_199Z-debug.log
12 error execute
12 error execute > btcmarkets-ticker-api@0.0.0 start /Volumes/g/repos/btcmarkets-ticker/packages/api
12 error execute > node index.js
12 error execute
12 error execute
12 error execute     at Promise.all.then.arr (/Users/steven/.nvm/versions/node/v6.10.3/lib/node_modules/lerna/node_modules/execa/index.js:210:11)
12 error execute     at process._tickCallback (internal/process/next_tick.js:109:7)
12 error execute  callback with error
12 error execute  { Error: Command failed: npm run start
12 error execute /Volumes/g/repos/btcmarkets-ticker/packages/api/index.js:4
12 error execute module.exports = async (req, res) => {
12 error execute                        ^
12 error execute SyntaxError: Unexpected token (
12 error execute     at createScript (vm.js:56:10)
12 error execute     at Object.runInThisContext (vm.js:97:10)
12 error execute     at Module._compile (module.js:542:28)
12 error execute     at Object.Module._extensions..js (module.js:579:10)
12 error execute     at Module.load (module.js:487:32)
12 error execute     at tryModuleLoad (module.js:446:12)
12 error execute     at Function.Module._load (module.js:438:3)
12 error execute     at Module.runMain (module.js:604:10)
12 error execute     at run (bootstrap_node.js:390:7)
12 error execute     at startup (bootstrap_node.js:150:9)
12 error execute npm ERR! code ELIFECYCLE
12 error execute npm ERR! errno 1
12 error execute npm ERR! btcmarkets-ticker-api@0.0.0 start: `node index.js`
12 error execute npm ERR! Exit status 1
12 error execute npm ERR!
12 error execute npm ERR! Failed at the btcmarkets-ticker-api@0.0.0 start script.
12 error execute npm ERR! This is probably not a problem with npm. There is likely additional logging output above.
12 error execute
12 error execute npm ERR! A complete log of this run can be found in:
12 error execute npm ERR!     /Users/steven/.npm/_logs/2017-06-03T14_16_05_199Z-debug.log
12 error execute
12 error execute > btcmarkets-ticker-api@0.0.0 start /Volumes/g/repos/btcmarkets-ticker/packages/api
12 error execute > node index.js
12 error execute
12 error execute
12 error execute     at Promise.all.then.arr (/Users/steven/.nvm/versions/node/v6.10.3/lib/node_modules/lerna/node_modules/execa/index.js:210:11)
12 error execute     at process._tickCallback (internal/process/next_tick.js:109:7)
12 error execute   code: 1,
12 error execute   killed: false,
12 error execute   stdout: '\n> btcmarkets-ticker-api@0.0.0 start /Volumes/g/repos/btcmarkets-ticker/packages/api\n> node index.js\n\n',
12 error execute   stderr: '/Volumes/g/repos/btcmarkets-ticker/packages/api/index.js:4\nmodule.exports = async (req, res) => {\n                       ^\nSyntaxError: Unexpected token (\n    at createScript (vm.js:56:10)\n    at Object.runInThisContext (vm.js:97:10)\n    at Module._compile (module.js:542:28)\n    at Object.Module._extensions..js (module.js:579:10)\n    at Module.load (module.js:487:32)\n    at tryModuleLoad (module.js:446:12)\n    at Function.Module._load (module.js:438:3)\n    at Module.runMain (module.js:604:10)\n    at run (bootstrap_node.js:390:7)\n    at startup (bootstrap_node.js:150:9)\nnpm ERR! code ELIFECYCLE\nnpm ERR! errno 1\nnpm ERR! btcmarkets-ticker-api@0.0.0 start: `node index.js`\nnpm ERR! Exit status 1\nnpm ERR! \nnpm ERR! Failed at the btcmarkets-ticker-api@0.0.0 start script.\nnpm ERR! This is probably not a problem with npm. There is likely additional logging output above.\n\nnpm ERR! A complete log of this run can be found in:\nnpm ERR!     /Users/steven/.npm/_logs/2017-06-03T14_16_05_199Z-debug.log\n',
12 error execute   failed: true,
12 error execute   signal: null,
12 error execute   cmd: 'npm run start',
12 error execute   timedOut: false }
